[0.152s] DEBUG:colcon:Command line arguments: ['/usr/bin/colcon', 'build', '--symlink-install']
[0.152s] DEBUG:colcon:Parsed command line arguments: Namespace(allow_overriding=[], ament_cmake_args=None, base_paths=['.'], build_base='build', catkin_cmake_args=None, catkin_skip_building_tests=False, cmake_args=None, cmake_clean_cache=False, cmake_clean_first=False, cmake_force_configure=False, cmake_target=None, cmake_target_skip_unavailable=False, continue_on_error=False, event_handlers=None, executor='parallel', ignore_user_meta=False, install_base='install', log_base=None, log_level=None, main=<bound method BuildVerb.main of <colcon_core.verb.build.BuildVerb object at 0x7fc2d89b63a0>>, merge_install=False, metas=['./colcon.meta'], mixin=None, mixin_files=None, mixin_verb=('build',), packages_above=None, packages_above_and_dependencies=None, packages_above_depth=None, packages_end=None, packages_ignore=None, packages_ignore_regex=None, packages_select=None, packages_select_build_failed=False, packages_select_by_dep=None, packages_select_regex=None, packages_select_test_failures=False, packages_skip=None, packages_skip_build_finished=False, packages_skip_by_dep=None, packages_skip_regex=None, packages_skip_test_passed=False, packages_skip_up_to=None, packages_start=None, packages_up_to=None, packages_up_to_regex=None, parallel_workers=8, paths=None, symlink_install=True, test_result_base=None, verb_extension=<colcon_core.verb.build.BuildVerb object at 0x7fc2d89b63a0>, verb_name='build', verb_parser=<colcon_mixin.mixin.mixin_argument.MixinArgumentDecorator object at 0x7fc2d89b6a00>)
[0.157s] Level 1:colcon.colcon_core.package_discovery:discover_packages(colcon_meta) check parameters
[0.157s] Level 1:colcon.colcon_core.package_discovery:discover_packages(recursive) check parameters
[0.157s] Level 1:colcon.colcon_core.package_discovery:discover_packages(ignore) check parameters
[0.157s] Level 1:colcon.colcon_core.package_discovery:discover_packages(path) check parameters
[0.157s] Level 1:colcon.colcon_core.package_discovery:discover_packages(colcon_meta) discover
[0.157s] Level 1:colcon.colcon_core.package_discovery:discover_packages(recursive) discover
[0.157s] INFO:colcon.colcon_core.package_discovery:Crawling recursively for packages in '/home/jay-b/colcon_ws'
[0.158s] Level 1:colcon.colcon_core.package_identification:_identify(.) by extensions ['ignore', 'ignore_ament_install']
[0.158s] Level 1:colcon.colcon_core.package_identification:_identify(.) by extension 'ignore'
[0.158s] Level 1:colcon.colcon_core.package_identification:_identify(.) by extension 'ignore_ament_install'
[0.158s] Level 1:colcon.colcon_core.package_identification:_identify(.) by extensions ['colcon_pkg']
[0.158s] Level 1:colcon.colcon_core.package_identification:_identify(.) by extension 'colcon_pkg'
[0.158s] Level 1:colcon.colcon_core.package_identification:_identify(.) by extensions ['colcon_meta']
[0.158s] Level 1:colcon.colcon_core.package_identification:_identify(.) by extension 'colcon_meta'
[0.158s] Level 1:colcon.colcon_core.package_identification:_identify(.) by extensions ['ros']
[0.158s] Level 1:colcon.colcon_core.package_identification:_identify(.) by extension 'ros'
[0.169s] Level 1:colcon.colcon_core.package_identification:_identify(.) by extensions ['cmake', 'python']
[0.169s] Level 1:colcon.colcon_core.package_identification:_identify(.) by extension 'cmake'
[0.169s] Level 1:colcon.colcon_core.package_identification:_identify(.) by extension 'python'
[0.169s] Level 1:colcon.colcon_core.package_identification:_identify(.) by extensions ['python_setup_py']
[0.169s] Level 1:colcon.colcon_core.package_identification:_identify(.) by extension 'python_setup_py'
[0.169s] Level 1:colcon.colcon_core.package_identification:_identify(build) by extensions ['ignore', 'ignore_ament_install']
[0.170s] Level 1:colcon.colcon_core.package_identification:_identify(build) by extension 'ignore'
[0.170s] Level 1:colcon.colcon_core.package_identification:_identify(build) ignored
[0.170s] Level 1:colcon.colcon_core.package_identification:_identify(install) by extensions ['ignore', 'ignore_ament_install']
[0.170s] Level 1:colcon.colcon_core.package_identification:_identify(install) by extension 'ignore'
[0.170s] Level 1:colcon.colcon_core.package_identification:_identify(install) ignored
[0.170s] Level 1:colcon.colcon_core.package_identification:_identify(log) by extensions ['ignore', 'ignore_ament_install']
[0.170s] Level 1:colcon.colcon_core.package_identification:_identify(log) by extension 'ignore'
[0.170s] Level 1:colcon.colcon_core.package_identification:_identify(log) ignored
[0.170s] Level 1:colcon.colcon_core.package_identification:_identify(src) by extensions ['ignore', 'ignore_ament_install']
[0.170s] Level 1:colcon.colcon_core.package_identification:_identify(src) by extension 'ignore'
[0.170s] Level 1:colcon.colcon_core.package_identification:_identify(src) by extension 'ignore_ament_install'
[0.170s] Level 1:colcon.colcon_core.package_identification:_identify(src) by extensions ['colcon_pkg']
[0.170s] Level 1:colcon.colcon_core.package_identification:_identify(src) by extension 'colcon_pkg'
[0.170s] Level 1:colcon.colcon_core.package_identification:_identify(src) by extensions ['colcon_meta']
[0.170s] Level 1:colcon.colcon_core.package_identification:_identify(src) by extension 'colcon_meta'
[0.171s] Level 1:colcon.colcon_core.package_identification:_identify(src) by extensions ['ros']
[0.171s] Level 1:colcon.colcon_core.package_identification:_identify(src) by extension 'ros'
[0.171s] Level 1:colcon.colcon_core.package_identification:_identify(src) by extensions ['cmake', 'python']
[0.171s] Level 1:colcon.colcon_core.package_identification:_identify(src) by extension 'cmake'
[0.171s] Level 1:colcon.colcon_core.package_identification:_identify(src) by extension 'python'
[0.171s] Level 1:colcon.colcon_core.package_identification:_identify(src) by extensions ['python_setup_py']
[0.171s] Level 1:colcon.colcon_core.package_identification:_identify(src) by extension 'python_setup_py'
[0.171s] Level 1:colcon.colcon_core.package_identification:_identify(src/pkg_ros2_basics) by extensions ['ignore', 'ignore_ament_install']
[0.171s] Level 1:colcon.colcon_core.package_identification:_identify(src/pkg_ros2_basics) by extension 'ignore'
[0.171s] Level 1:colcon.colcon_core.package_identification:_identify(src/pkg_ros2_basics) by extension 'ignore_ament_install'
[0.171s] Level 1:colcon.colcon_core.package_identification:_identify(src/pkg_ros2_basics) by extensions ['colcon_pkg']
[0.171s] Level 1:colcon.colcon_core.package_identification:_identify(src/pkg_ros2_basics) by extension 'colcon_pkg'
[0.171s] Level 1:colcon.colcon_core.package_identification:_identify(src/pkg_ros2_basics) by extensions ['colcon_meta']
[0.171s] Level 1:colcon.colcon_core.package_identification:_identify(src/pkg_ros2_basics) by extension 'colcon_meta'
[0.171s] Level 1:colcon.colcon_core.package_identification:_identify(src/pkg_ros2_basics) by extensions ['ros']
[0.171s] Level 1:colcon.colcon_core.package_identification:_identify(src/pkg_ros2_basics) by extension 'ros'
[0.174s] DEBUG:colcon.colcon_core.package_identification:Package 'src/pkg_ros2_basics' with type 'ros.ament_cmake' and name 'pkg_ros2_basics'
[0.174s] Level 1:colcon.colcon_core.package_identification:_identify(src/turtlebot3_simulations) by extensions ['ignore', 'ignore_ament_install']
[0.174s] Level 1:colcon.colcon_core.package_identification:_identify(src/turtlebot3_simulations) by extension 'ignore'
[0.174s] Level 1:colcon.colcon_core.package_identification:_identify(src/turtlebot3_simulations) by extension 'ignore_ament_install'
[0.174s] Level 1:colcon.colcon_core.package_identification:_identify(src/turtlebot3_simulations) by extensions ['colcon_pkg']
[0.174s] Level 1:colcon.colcon_core.package_identification:_identify(src/turtlebot3_simulations) by extension 'colcon_pkg'
[0.174s] Level 1:colcon.colcon_core.package_identification:_identify(src/turtlebot3_simulations) by extensions ['colcon_meta']
[0.174s] Level 1:colcon.colcon_core.package_identification:_identify(src/turtlebot3_simulations) by extension 'colcon_meta'
[0.174s] Level 1:colcon.colcon_core.package_identification:_identify(src/turtlebot3_simulations) by extensions ['ros']
[0.174s] Level 1:colcon.colcon_core.package_identification:_identify(src/turtlebot3_simulations) by extension 'ros'
[0.174s] Level 1:colcon.colcon_core.package_identification:_identify(src/turtlebot3_simulations) by extensions ['cmake', 'python']
[0.174s] Level 1:colcon.colcon_core.package_identification:_identify(src/turtlebot3_simulations) by extension 'cmake'
[0.174s] Level 1:colcon.colcon_core.package_identification:_identify(src/turtlebot3_simulations) by extension 'python'
[0.174s] Level 1:colcon.colcon_core.package_identification:_identify(src/turtlebot3_simulations) by extensions ['python_setup_py']
[0.174s] Level 1:colcon.colcon_core.package_identification:_identify(src/turtlebot3_simulations) by extension 'python_setup_py'
[0.174s] Level 1:colcon.colcon_core.package_identification:_identify(src/turtlebot3_simulations/turtlebot3_fake_node) by extensions ['ignore', 'ignore_ament_install']
[0.175s] Level 1:colcon.colcon_core.package_identification:_identify(src/turtlebot3_simulations/turtlebot3_fake_node) by extension 'ignore'
[0.175s] Level 1:colcon.colcon_core.package_identification:_identify(src/turtlebot3_simulations/turtlebot3_fake_node) by extension 'ignore_ament_install'
[0.175s] Level 1:colcon.colcon_core.package_identification:_identify(src/turtlebot3_simulations/turtlebot3_fake_node) by extensions ['colcon_pkg']
[0.175s] Level 1:colcon.colcon_core.package_identification:_identify(src/turtlebot3_simulations/turtlebot3_fake_node) by extension 'colcon_pkg'
[0.175s] Level 1:colcon.colcon_core.package_identification:_identify(src/turtlebot3_simulations/turtlebot3_fake_node) by extensions ['colcon_meta']
[0.175s] Level 1:colcon.colcon_core.package_identification:_identify(src/turtlebot3_simulations/turtlebot3_fake_node) by extension 'colcon_meta'
[0.175s] Level 1:colcon.colcon_core.package_identification:_identify(src/turtlebot3_simulations/turtlebot3_fake_node) by extensions ['ros']
[0.175s] Level 1:colcon.colcon_core.package_identification:_identify(src/turtlebot3_simulations/turtlebot3_fake_node) by extension 'ros'
[0.176s] DEBUG:colcon.colcon_core.package_identification:Package 'src/turtlebot3_simulations/turtlebot3_fake_node' with type 'ros.ament_cmake' and name 'turtlebot3_fake_node'
[0.176s] Level 1:colcon.colcon_core.package_identification:_identify(src/turtlebot3_simulations/turtlebot3_gazebo) by extensions ['ignore', 'ignore_ament_install']
[0.176s] Level 1:colcon.colcon_core.package_identification:_identify(src/turtlebot3_simulations/turtlebot3_gazebo) by extension 'ignore'
[0.176s] Level 1:colcon.colcon_core.package_identification:_identify(src/turtlebot3_simulations/turtlebot3_gazebo) by extension 'ignore_ament_install'
[0.176s] Level 1:colcon.colcon_core.package_identification:_identify(src/turtlebot3_simulations/turtlebot3_gazebo) by extensions ['colcon_pkg']
[0.176s] Level 1:colcon.colcon_core.package_identification:_identify(src/turtlebot3_simulations/turtlebot3_gazebo) by extension 'colcon_pkg'
[0.176s] Level 1:colcon.colcon_core.package_identification:_identify(src/turtlebot3_simulations/turtlebot3_gazebo) by extensions ['colcon_meta']
[0.176s] Level 1:colcon.colcon_core.package_identification:_identify(src/turtlebot3_simulations/turtlebot3_gazebo) by extension 'colcon_meta'
[0.176s] Level 1:colcon.colcon_core.package_identification:_identify(src/turtlebot3_simulations/turtlebot3_gazebo) by extensions ['ros']
[0.176s] Level 1:colcon.colcon_core.package_identification:_identify(src/turtlebot3_simulations/turtlebot3_gazebo) by extension 'ros'
[0.177s] DEBUG:colcon.colcon_core.package_identification:Package 'src/turtlebot3_simulations/turtlebot3_gazebo' with type 'ros.ament_cmake' and name 'turtlebot3_gazebo'
[0.177s] Level 1:colcon.colcon_core.package_identification:_identify(src/turtlebot3_simulations/turtlebot3_simulations) by extensions ['ignore', 'ignore_ament_install']
[0.178s] Level 1:colcon.colcon_core.package_identification:_identify(src/turtlebot3_simulations/turtlebot3_simulations) by extension 'ignore'
[0.178s] Level 1:colcon.colcon_core.package_identification:_identify(src/turtlebot3_simulations/turtlebot3_simulations) by extension 'ignore_ament_install'
[0.178s] Level 1:colcon.colcon_core.package_identification:_identify(src/turtlebot3_simulations/turtlebot3_simulations) by extensions ['colcon_pkg']
[0.178s] Level 1:colcon.colcon_core.package_identification:_identify(src/turtlebot3_simulations/turtlebot3_simulations) by extension 'colcon_pkg'
[0.178s] Level 1:colcon.colcon_core.package_identification:_identify(src/turtlebot3_simulations/turtlebot3_simulations) by extensions ['colcon_meta']
[0.178s] Level 1:colcon.colcon_core.package_identification:_identify(src/turtlebot3_simulations/turtlebot3_simulations) by extension 'colcon_meta'
[0.178s] Level 1:colcon.colcon_core.package_identification:_identify(src/turtlebot3_simulations/turtlebot3_simulations) by extensions ['ros']
[0.178s] Level 1:colcon.colcon_core.package_identification:_identify(src/turtlebot3_simulations/turtlebot3_simulations) by extension 'ros'
[0.178s] DEBUG:colcon.colcon_core.package_identification:Package 'src/turtlebot3_simulations/turtlebot3_simulations' with type 'ros.ament_cmake' and name 'turtlebot3_simulations'
[0.178s] Level 1:colcon.colcon_core.package_discovery:discover_packages(recursive) using defaults
[0.178s] Level 1:colcon.colcon_core.package_discovery:discover_packages(ignore) discover
[0.178s] Level 1:colcon.colcon_core.package_discovery:discover_packages(ignore) using defaults
[0.179s] Level 1:colcon.colcon_core.package_discovery:discover_packages(path) discover
[0.179s] Level 1:colcon.colcon_core.package_discovery:discover_packages(path) using defaults
[0.196s] Level 5:colcon.colcon_core.verb:set package 'pkg_ros2_basics' build argument 'cmake_args' from command line to 'None'
[0.196s] Level 5:colcon.colcon_core.verb:set package 'pkg_ros2_basics' build argument 'cmake_target' from command line to 'None'
[0.197s] Level 5:colcon.colcon_core.verb:set package 'pkg_ros2_basics' build argument 'cmake_target_skip_unavailable' from command line to 'False'
[0.197s] Level 5:colcon.colcon_core.verb:set package 'pkg_ros2_basics' build argument 'cmake_clean_cache' from command line to 'False'
[0.197s] Level 5:colcon.colcon_core.verb:set package 'pkg_ros2_basics' build argument 'cmake_clean_first' from command line to 'False'
[0.197s] Level 5:colcon.colcon_core.verb:set package 'pkg_ros2_basics' build argument 'cmake_force_configure' from command line to 'False'
[0.197s] Level 5:colcon.colcon_core.verb:set package 'pkg_ros2_basics' build argument 'ament_cmake_args' from command line to 'None'
[0.197s] Level 5:colcon.colcon_core.verb:set package 'pkg_ros2_basics' build argument 'catkin_cmake_args' from command line to 'None'
[0.197s] Level 5:colcon.colcon_core.verb:set package 'pkg_ros2_basics' build argument 'catkin_skip_building_tests' from command line to 'False'
[0.197s] DEBUG:colcon.colcon_core.verb:Building package 'pkg_ros2_basics' with the following arguments: {'ament_cmake_args': None, 'build_base': '/home/jay-b/colcon_ws/build/pkg_ros2_basics', 'catkin_cmake_args': None, 'catkin_skip_building_tests': False, 'cmake_args': None, 'cmake_clean_cache': False, 'cmake_clean_first': False, 'cmake_force_configure': False, 'cmake_target': None, 'cmake_target_skip_unavailable': False, 'install_base': '/home/jay-b/colcon_ws/install/pkg_ros2_basics', 'merge_install': False, 'path': '/home/jay-b/colcon_ws/src/pkg_ros2_basics', 'symlink_install': True, 'test_result_base': None}
[0.197s] Level 5:colcon.colcon_core.verb:set package 'turtlebot3_fake_node' build argument 'cmake_args' from command line to 'None'
[0.197s] Level 5:colcon.colcon_core.verb:set package 'turtlebot3_fake_node' build argument 'cmake_target' from command line to 'None'
[0.197s] Level 5:colcon.colcon_core.verb:set package 'turtlebot3_fake_node' build argument 'cmake_target_skip_unavailable' from command line to 'False'
[0.197s] Level 5:colcon.colcon_core.verb:set package 'turtlebot3_fake_node' build argument 'cmake_clean_cache' from command line to 'False'
[0.197s] Level 5:colcon.colcon_core.verb:set package 'turtlebot3_fake_node' build argument 'cmake_clean_first' from command line to 'False'
[0.197s] Level 5:colcon.colcon_core.verb:set package 'turtlebot3_fake_node' build argument 'cmake_force_configure' from command line to 'False'
[0.198s] Level 5:colcon.colcon_core.verb:set package 'turtlebot3_fake_node' build argument 'ament_cmake_args' from command line to 'None'
[0.198s] Level 5:colcon.colcon_core.verb:set package 'turtlebot3_fake_node' build argument 'catkin_cmake_args' from command line to 'None'
[0.198s] Level 5:colcon.colcon_core.verb:set package 'turtlebot3_fake_node' build argument 'catkin_skip_building_tests' from command line to 'False'
[0.198s] DEBUG:colcon.colcon_core.verb:Building package 'turtlebot3_fake_node' with the following arguments: {'ament_cmake_args': None, 'build_base': '/home/jay-b/colcon_ws/build/turtlebot3_fake_node', 'catkin_cmake_args': None, 'catkin_skip_building_tests': False, 'cmake_args': None, 'cmake_clean_cache': False, 'cmake_clean_first': False, 'cmake_force_configure': False, 'cmake_target': None, 'cmake_target_skip_unavailable': False, 'install_base': '/home/jay-b/colcon_ws/install/turtlebot3_fake_node', 'merge_install': False, 'path': '/home/jay-b/colcon_ws/src/turtlebot3_simulations/turtlebot3_fake_node', 'symlink_install': True, 'test_result_base': None}
[0.198s] Level 5:colcon.colcon_core.verb:set package 'turtlebot3_gazebo' build argument 'cmake_args' from command line to 'None'
[0.198s] Level 5:colcon.colcon_core.verb:set package 'turtlebot3_gazebo' build argument 'cmake_target' from command line to 'None'
[0.198s] Level 5:colcon.colcon_core.verb:set package 'turtlebot3_gazebo' build argument 'cmake_target_skip_unavailable' from command line to 'False'
[0.198s] Level 5:colcon.colcon_core.verb:set package 'turtlebot3_gazebo' build argument 'cmake_clean_cache' from command line to 'False'
[0.198s] Level 5:colcon.colcon_core.verb:set package 'turtlebot3_gazebo' build argument 'cmake_clean_first' from command line to 'False'
[0.198s] Level 5:colcon.colcon_core.verb:set package 'turtlebot3_gazebo' build argument 'cmake_force_configure' from command line to 'False'
[0.198s] Level 5:colcon.colcon_core.verb:set package 'turtlebot3_gazebo' build argument 'ament_cmake_args' from command line to 'None'
[0.198s] Level 5:colcon.colcon_core.verb:set package 'turtlebot3_gazebo' build argument 'catkin_cmake_args' from command line to 'None'
[0.198s] Level 5:colcon.colcon_core.verb:set package 'turtlebot3_gazebo' build argument 'catkin_skip_building_tests' from command line to 'False'
[0.198s] DEBUG:colcon.colcon_core.verb:Building package 'turtlebot3_gazebo' with the following arguments: {'ament_cmake_args': None, 'build_base': '/home/jay-b/colcon_ws/build/turtlebot3_gazebo', 'catkin_cmake_args': None, 'catkin_skip_building_tests': False, 'cmake_args': None, 'cmake_clean_cache': False, 'cmake_clean_first': False, 'cmake_force_configure': False, 'cmake_target': None, 'cmake_target_skip_unavailable': False, 'install_base': '/home/jay-b/colcon_ws/install/turtlebot3_gazebo', 'merge_install': False, 'path': '/home/jay-b/colcon_ws/src/turtlebot3_simulations/turtlebot3_gazebo', 'symlink_install': True, 'test_result_base': None}
[0.199s] Level 5:colcon.colcon_core.verb:set package 'turtlebot3_simulations' build argument 'cmake_args' from command line to 'None'
[0.199s] Level 5:colcon.colcon_core.verb:set package 'turtlebot3_simulations' build argument 'cmake_target' from command line to 'None'
[0.199s] Level 5:colcon.colcon_core.verb:set package 'turtlebot3_simulations' build argument 'cmake_target_skip_unavailable' from command line to 'False'
[0.199s] Level 5:colcon.colcon_core.verb:set package 'turtlebot3_simulations' build argument 'cmake_clean_cache' from command line to 'False'
[0.199s] Level 5:colcon.colcon_core.verb:set package 'turtlebot3_simulations' build argument 'cmake_clean_first' from command line to 'False'
[0.199s] Level 5:colcon.colcon_core.verb:set package 'turtlebot3_simulations' build argument 'cmake_force_configure' from command line to 'False'
[0.199s] Level 5:colcon.colcon_core.verb:set package 'turtlebot3_simulations' build argument 'ament_cmake_args' from command line to 'None'
[0.199s] Level 5:colcon.colcon_core.verb:set package 'turtlebot3_simulations' build argument 'catkin_cmake_args' from command line to 'None'
[0.199s] Level 5:colcon.colcon_core.verb:set package 'turtlebot3_simulations' build argument 'catkin_skip_building_tests' from command line to 'False'
[0.199s] DEBUG:colcon.colcon_core.verb:Building package 'turtlebot3_simulations' with the following arguments: {'ament_cmake_args': None, 'build_base': '/home/jay-b/colcon_ws/build/turtlebot3_simulations', 'catkin_cmake_args': None, 'catkin_skip_building_tests': False, 'cmake_args': None, 'cmake_clean_cache': False, 'cmake_clean_first': False, 'cmake_force_configure': False, 'cmake_target': None, 'cmake_target_skip_unavailable': False, 'install_base': '/home/jay-b/colcon_ws/install/turtlebot3_simulations', 'merge_install': False, 'path': '/home/jay-b/colcon_ws/src/turtlebot3_simulations/turtlebot3_simulations', 'symlink_install': True, 'test_result_base': None}
[0.203s] INFO:colcon.colcon_core.executor:Executing jobs using 'parallel' executor
[0.204s] DEBUG:colcon.colcon_parallel_executor.executor.parallel:run_until_complete
[0.205s] INFO:colcon.colcon_ros.task.ament_cmake.build:Building ROS package in '/home/jay-b/colcon_ws/src/turtlebot3_simulations/turtlebot3_fake_node' with build type 'ament_cmake'
[0.205s] INFO:colcon.colcon_cmake.task.cmake.build:Building CMake package in '/home/jay-b/colcon_ws/src/turtlebot3_simulations/turtlebot3_fake_node'
[0.208s] INFO:colcon.colcon_core.plugin_system:Skipping extension 'colcon_core.shell.bat': Not used on non-Windows systems
[0.208s] INFO:colcon.colcon_core.shell:Skip shell extension 'powershell' for command environment: Not usable outside of PowerShell
[0.209s] DEBUG:colcon.colcon_core.shell:Skip shell extension 'dsv' for command environment
[0.213s] INFO:colcon.colcon_ros.task.ament_cmake.build:Building ROS package in '/home/jay-b/colcon_ws/src/turtlebot3_simulations/turtlebot3_gazebo' with build type 'ament_cmake'
[0.214s] INFO:colcon.colcon_cmake.task.cmake.build:Building CMake package in '/home/jay-b/colcon_ws/src/turtlebot3_simulations/turtlebot3_gazebo'
[0.214s] INFO:colcon.colcon_core.shell:Skip shell extension 'powershell' for command environment: Not usable outside of PowerShell
[0.215s] DEBUG:colcon.colcon_core.shell:Skip shell extension 'dsv' for command environment
[0.221s] INFO:colcon.colcon_ros.task.ament_cmake.build:Building ROS package in '/home/jay-b/colcon_ws/src/pkg_ros2_basics' with build type 'ament_cmake'
[0.221s] INFO:colcon.colcon_cmake.task.cmake.build:Building CMake package in '/home/jay-b/colcon_ws/src/pkg_ros2_basics'
[0.222s] INFO:colcon.colcon_core.shell:Skip shell extension 'powershell' for command environment: Not usable outside of PowerShell
[0.222s] DEBUG:colcon.colcon_core.shell:Skip shell extension 'dsv' for command environment
[0.231s] DEBUG:colcon.colcon_core.event_handler.log_command:Invoking command in '/home/jay-b/colcon_ws/build/turtlebot3_fake_node': CMAKE_PREFIX_PATH=/opt/ros/foxy /usr/bin/cmake /home/jay-b/colcon_ws/src/turtlebot3_simulations/turtlebot3_fake_node -DAMENT_CMAKE_SYMLINK_INSTALL=1 -DCMAKE_INSTALL_PREFIX=/home/jay-b/colcon_ws/install/turtlebot3_fake_node
[0.237s] DEBUG:colcon.colcon_core.event_handler.log_command:Invoking command in '/home/jay-b/colcon_ws/build/turtlebot3_gazebo': CMAKE_PREFIX_PATH=/opt/ros/foxy /usr/bin/cmake /home/jay-b/colcon_ws/src/turtlebot3_simulations/turtlebot3_gazebo -DAMENT_CMAKE_SYMLINK_INSTALL=1 -DCMAKE_INSTALL_PREFIX=/home/jay-b/colcon_ws/install/turtlebot3_gazebo
[0.244s] DEBUG:colcon.colcon_core.event_handler.log_command:Invoking command in '/home/jay-b/colcon_ws/build/pkg_ros2_basics': CMAKE_PREFIX_PATH=/opt/ros/foxy /usr/bin/cmake /home/jay-b/colcon_ws/src/pkg_ros2_basics -DAMENT_CMAKE_SYMLINK_INSTALL=1 -DCMAKE_INSTALL_PREFIX=/home/jay-b/colcon_ws/install/pkg_ros2_basics
[2.105s] DEBUG:colcon.colcon_core.event_handler.log_command:Invoked command in '/home/jay-b/colcon_ws/build/pkg_ros2_basics' returned '0': CMAKE_PREFIX_PATH=/opt/ros/foxy /usr/bin/cmake /home/jay-b/colcon_ws/src/pkg_ros2_basics -DAMENT_CMAKE_SYMLINK_INSTALL=1 -DCMAKE_INSTALL_PREFIX=/home/jay-b/colcon_ws/install/pkg_ros2_basics
[2.109s] DEBUG:colcon.colcon_core.event_handler.log_command:Invoking command in '/home/jay-b/colcon_ws/build/pkg_ros2_basics': CMAKE_PREFIX_PATH=/opt/ros/foxy /usr/bin/cmake --build /home/jay-b/colcon_ws/build/pkg_ros2_basics -- -j8 -l8
[2.712s] DEBUG:colcon.colcon_core.event_handler.log_command:Invoked command in '/home/jay-b/colcon_ws/build/turtlebot3_fake_node' returned '0': CMAKE_PREFIX_PATH=/opt/ros/foxy /usr/bin/cmake /home/jay-b/colcon_ws/src/turtlebot3_simulations/turtlebot3_fake_node -DAMENT_CMAKE_SYMLINK_INSTALL=1 -DCMAKE_INSTALL_PREFIX=/home/jay-b/colcon_ws/install/turtlebot3_fake_node
[2.715s] DEBUG:colcon.colcon_core.event_handler.log_command:Invoking command in '/home/jay-b/colcon_ws/build/turtlebot3_fake_node': CMAKE_PREFIX_PATH=/opt/ros/foxy /usr/bin/cmake --build /home/jay-b/colcon_ws/build/turtlebot3_fake_node -- -j8 -l8
[3.896s] DEBUG:colcon.colcon_core.event_handler.log_command:Invoked command in '/home/jay-b/colcon_ws/build/turtlebot3_gazebo' returned '0': CMAKE_PREFIX_PATH=/opt/ros/foxy /usr/bin/cmake /home/jay-b/colcon_ws/src/turtlebot3_simulations/turtlebot3_gazebo -DAMENT_CMAKE_SYMLINK_INSTALL=1 -DCMAKE_INSTALL_PREFIX=/home/jay-b/colcon_ws/install/turtlebot3_gazebo
[3.900s] DEBUG:colcon.colcon_core.event_handler.log_command:Invoking command in '/home/jay-b/colcon_ws/build/turtlebot3_gazebo': CMAKE_PREFIX_PATH=/opt/ros/foxy /usr/bin/cmake --build /home/jay-b/colcon_ws/build/turtlebot3_gazebo -- -j8 -l8
[10.934s] DEBUG:colcon.colcon_core.event_handler.log_command:Invoked command in '/home/jay-b/colcon_ws/build/pkg_ros2_basics' returned '0': CMAKE_PREFIX_PATH=/opt/ros/foxy /usr/bin/cmake --build /home/jay-b/colcon_ws/build/pkg_ros2_basics -- -j8 -l8
[11.015s] DEBUG:colcon.colcon_core.event_handler.log_command:Invoking command in '/home/jay-b/colcon_ws/build/pkg_ros2_basics': CMAKE_PREFIX_PATH=/opt/ros/foxy /usr/bin/cmake --install /home/jay-b/colcon_ws/build/pkg_ros2_basics
[11.368s] Level 1:colcon.colcon_core.environment:create_environment_scripts_only(pkg_ros2_basics)
[11.369s] DEBUG:colcon.colcon_core.event_handler.log_command:Invoked command in '/home/jay-b/colcon_ws/build/pkg_ros2_basics' returned '0': CMAKE_PREFIX_PATH=/opt/ros/foxy /usr/bin/cmake --install /home/jay-b/colcon_ws/build/pkg_ros2_basics
[11.379s] Level 1:colcon.colcon_core.environment:checking '/home/jay-b/colcon_ws/install/pkg_ros2_basics' for CMake module files
[11.380s] Level 1:colcon.colcon_core.environment:checking '/home/jay-b/colcon_ws/install/pkg_ros2_basics' for CMake config files
[11.381s] Level 1:colcon.colcon_core.shell:create_environment_hook('pkg_ros2_basics', 'cmake_prefix_path')
[11.382s] INFO:colcon.colcon_core.shell:Creating environment hook '/home/jay-b/colcon_ws/install/pkg_ros2_basics/share/pkg_ros2_basics/hook/cmake_prefix_path.ps1'
[11.383s] INFO:colcon.colcon_core.shell:Creating environment descriptor '/home/jay-b/colcon_ws/install/pkg_ros2_basics/share/pkg_ros2_basics/hook/cmake_prefix_path.dsv'
[11.386s] INFO:colcon.colcon_core.shell:Creating environment hook '/home/jay-b/colcon_ws/install/pkg_ros2_basics/share/pkg_ros2_basics/hook/cmake_prefix_path.sh'
[11.390s] Level 1:colcon.colcon_core.environment:checking '/home/jay-b/colcon_ws/install/pkg_ros2_basics/lib'
[11.390s] Level 1:colcon.colcon_core.environment:checking '/home/jay-b/colcon_ws/install/pkg_ros2_basics/bin'
[11.391s] Level 1:colcon.colcon_core.environment:checking '/home/jay-b/colcon_ws/install/pkg_ros2_basics/lib/pkgconfig/pkg_ros2_basics.pc'
[11.391s] Level 1:colcon.colcon_core.environment:checking '/home/jay-b/colcon_ws/install/pkg_ros2_basics/lib/python3.8/site-packages'
[11.392s] INFO:colcon.colcon_core.shell:Creating package script '/home/jay-b/colcon_ws/install/pkg_ros2_basics/share/pkg_ros2_basics/package.ps1'
[11.393s] INFO:colcon.colcon_core.shell:Creating package descriptor '/home/jay-b/colcon_ws/install/pkg_ros2_basics/share/pkg_ros2_basics/package.dsv'
[11.395s] INFO:colcon.colcon_core.shell:Creating package script '/home/jay-b/colcon_ws/install/pkg_ros2_basics/share/pkg_ros2_basics/package.sh'
[11.396s] INFO:colcon.colcon_core.shell:Creating package script '/home/jay-b/colcon_ws/install/pkg_ros2_basics/share/pkg_ros2_basics/package.bash'
[11.398s] INFO:colcon.colcon_core.shell:Creating package script '/home/jay-b/colcon_ws/install/pkg_ros2_basics/share/pkg_ros2_basics/package.zsh'
[11.399s] Level 1:colcon.colcon_core.environment:create_file_with_runtime_dependencies(/home/jay-b/colcon_ws/install/pkg_ros2_basics/share/colcon-core/packages/pkg_ros2_basics)
[11.460s] Level 1:colcon.colcon_core.environment:create_environment_scripts_only(pkg_ros2_basics)
[11.462s] Level 1:colcon.colcon_core.environment:checking '/home/jay-b/colcon_ws/install/pkg_ros2_basics' for CMake module files
[11.463s] Level 1:colcon.colcon_core.environment:checking '/home/jay-b/colcon_ws/install/pkg_ros2_basics' for CMake config files
[11.464s] Level 1:colcon.colcon_core.shell:create_environment_hook('pkg_ros2_basics', 'cmake_prefix_path')
[11.465s] INFO:colcon.colcon_core.shell:Creating environment hook '/home/jay-b/colcon_ws/install/pkg_ros2_basics/share/pkg_ros2_basics/hook/cmake_prefix_path.ps1'
[11.466s] INFO:colcon.colcon_core.shell:Creating environment descriptor '/home/jay-b/colcon_ws/install/pkg_ros2_basics/share/pkg_ros2_basics/hook/cmake_prefix_path.dsv'
[11.467s] INFO:colcon.colcon_core.shell:Creating environment hook '/home/jay-b/colcon_ws/install/pkg_ros2_basics/share/pkg_ros2_basics/hook/cmake_prefix_path.sh'
[11.468s] Level 1:colcon.colcon_core.environment:checking '/home/jay-b/colcon_ws/install/pkg_ros2_basics/lib'
[11.469s] Level 1:colcon.colcon_core.environment:checking '/home/jay-b/colcon_ws/install/pkg_ros2_basics/bin'
[11.469s] Level 1:colcon.colcon_core.environment:checking '/home/jay-b/colcon_ws/install/pkg_ros2_basics/lib/pkgconfig/pkg_ros2_basics.pc'
[11.469s] Level 1:colcon.colcon_core.environment:checking '/home/jay-b/colcon_ws/install/pkg_ros2_basics/lib/python3.8/site-packages'
[11.470s] INFO:colcon.colcon_core.shell:Creating package script '/home/jay-b/colcon_ws/install/pkg_ros2_basics/share/pkg_ros2_basics/package.ps1'
[11.473s] INFO:colcon.colcon_core.shell:Creating package descriptor '/home/jay-b/colcon_ws/install/pkg_ros2_basics/share/pkg_ros2_basics/package.dsv'
[11.475s] INFO:colcon.colcon_core.shell:Creating package script '/home/jay-b/colcon_ws/install/pkg_ros2_basics/share/pkg_ros2_basics/package.sh'
[11.476s] INFO:colcon.colcon_core.shell:Creating package script '/home/jay-b/colcon_ws/install/pkg_ros2_basics/share/pkg_ros2_basics/package.bash'
[11.477s] INFO:colcon.colcon_core.shell:Creating package script '/home/jay-b/colcon_ws/install/pkg_ros2_basics/share/pkg_ros2_basics/package.zsh'
[11.478s] Level 1:colcon.colcon_core.environment:create_file_with_runtime_dependencies(/home/jay-b/colcon_ws/install/pkg_ros2_basics/share/colcon-core/packages/pkg_ros2_basics)
[14.240s] DEBUG:colcon.colcon_core.event_handler.log_command:Invoked command in '/home/jay-b/colcon_ws/build/turtlebot3_fake_node' returned '0': CMAKE_PREFIX_PATH=/opt/ros/foxy /usr/bin/cmake --build /home/jay-b/colcon_ws/build/turtlebot3_fake_node -- -j8 -l8
[14.275s] DEBUG:colcon.colcon_core.event_handler.log_command:Invoking command in '/home/jay-b/colcon_ws/build/turtlebot3_fake_node': CMAKE_PREFIX_PATH=/opt/ros/foxy /usr/bin/cmake --install /home/jay-b/colcon_ws/build/turtlebot3_fake_node
[14.614s] Level 1:colcon.colcon_core.environment:create_environment_scripts_only(turtlebot3_fake_node)
[14.616s] Level 1:colcon.colcon_core.environment:checking '/home/jay-b/colcon_ws/install/turtlebot3_fake_node' for CMake module files
[14.618s] Level 1:colcon.colcon_core.environment:checking '/home/jay-b/colcon_ws/install/turtlebot3_fake_node' for CMake config files
[14.618s] Level 1:colcon.colcon_core.shell:create_environment_hook('turtlebot3_fake_node', 'cmake_prefix_path')
[14.619s] INFO:colcon.colcon_core.shell:Creating environment hook '/home/jay-b/colcon_ws/install/turtlebot3_fake_node/share/turtlebot3_fake_node/hook/cmake_prefix_path.ps1'
[14.621s] INFO:colcon.colcon_core.shell:Creating environment descriptor '/home/jay-b/colcon_ws/install/turtlebot3_fake_node/share/turtlebot3_fake_node/hook/cmake_prefix_path.dsv'
[14.621s] INFO:colcon.colcon_core.shell:Creating environment hook '/home/jay-b/colcon_ws/install/turtlebot3_fake_node/share/turtlebot3_fake_node/hook/cmake_prefix_path.sh'
[14.622s] DEBUG:colcon.colcon_core.event_handler.log_command:Invoked command in '/home/jay-b/colcon_ws/build/turtlebot3_fake_node' returned '0': CMAKE_PREFIX_PATH=/opt/ros/foxy /usr/bin/cmake --install /home/jay-b/colcon_ws/build/turtlebot3_fake_node
[14.623s] Level 1:colcon.colcon_core.environment:checking '/home/jay-b/colcon_ws/install/turtlebot3_fake_node/lib'
[14.623s] Level 1:colcon.colcon_core.environment:checking '/home/jay-b/colcon_ws/install/turtlebot3_fake_node/bin'
[14.624s] Level 1:colcon.colcon_core.environment:checking '/home/jay-b/colcon_ws/install/turtlebot3_fake_node/lib/pkgconfig/turtlebot3_fake_node.pc'
[14.624s] Level 1:colcon.colcon_core.environment:checking '/home/jay-b/colcon_ws/install/turtlebot3_fake_node/lib/python3.8/site-packages'
[14.625s] INFO:colcon.colcon_core.shell:Creating package script '/home/jay-b/colcon_ws/install/turtlebot3_fake_node/share/turtlebot3_fake_node/package.ps1'
[14.626s] INFO:colcon.colcon_core.shell:Creating package descriptor '/home/jay-b/colcon_ws/install/turtlebot3_fake_node/share/turtlebot3_fake_node/package.dsv'
[14.627s] INFO:colcon.colcon_core.shell:Creating package script '/home/jay-b/colcon_ws/install/turtlebot3_fake_node/share/turtlebot3_fake_node/package.sh'
[14.627s] INFO:colcon.colcon_core.shell:Creating package script '/home/jay-b/colcon_ws/install/turtlebot3_fake_node/share/turtlebot3_fake_node/package.bash'
[14.628s] INFO:colcon.colcon_core.shell:Creating package script '/home/jay-b/colcon_ws/install/turtlebot3_fake_node/share/turtlebot3_fake_node/package.zsh'
[14.629s] Level 1:colcon.colcon_core.environment:create_file_with_runtime_dependencies(/home/jay-b/colcon_ws/install/turtlebot3_fake_node/share/colcon-core/packages/turtlebot3_fake_node)
[14.663s] Level 1:colcon.colcon_core.environment:create_environment_scripts_only(turtlebot3_fake_node)
[14.664s] Level 1:colcon.colcon_core.environment:checking '/home/jay-b/colcon_ws/install/turtlebot3_fake_node' for CMake module files
[14.666s] Level 1:colcon.colcon_core.environment:checking '/home/jay-b/colcon_ws/install/turtlebot3_fake_node' for CMake config files
[14.667s] Level 1:colcon.colcon_core.shell:create_environment_hook('turtlebot3_fake_node', 'cmake_prefix_path')
[14.668s] INFO:colcon.colcon_core.shell:Creating environment hook '/home/jay-b/colcon_ws/install/turtlebot3_fake_node/share/turtlebot3_fake_node/hook/cmake_prefix_path.ps1'
[14.669s] INFO:colcon.colcon_core.shell:Creating environment descriptor '/home/jay-b/colcon_ws/install/turtlebot3_fake_node/share/turtlebot3_fake_node/hook/cmake_prefix_path.dsv'
[14.670s] INFO:colcon.colcon_core.shell:Creating environment hook '/home/jay-b/colcon_ws/install/turtlebot3_fake_node/share/turtlebot3_fake_node/hook/cmake_prefix_path.sh'
[14.671s] Level 1:colcon.colcon_core.environment:checking '/home/jay-b/colcon_ws/install/turtlebot3_fake_node/lib'
[14.671s] Level 1:colcon.colcon_core.environment:checking '/home/jay-b/colcon_ws/install/turtlebot3_fake_node/bin'
[14.671s] Level 1:colcon.colcon_core.environment:checking '/home/jay-b/colcon_ws/install/turtlebot3_fake_node/lib/pkgconfig/turtlebot3_fake_node.pc'
[14.672s] Level 1:colcon.colcon_core.environment:checking '/home/jay-b/colcon_ws/install/turtlebot3_fake_node/lib/python3.8/site-packages'
[14.673s] INFO:colcon.colcon_core.shell:Creating package script '/home/jay-b/colcon_ws/install/turtlebot3_fake_node/share/turtlebot3_fake_node/package.ps1'
[14.674s] INFO:colcon.colcon_core.shell:Creating package descriptor '/home/jay-b/colcon_ws/install/turtlebot3_fake_node/share/turtlebot3_fake_node/package.dsv'
[14.675s] INFO:colcon.colcon_core.shell:Creating package script '/home/jay-b/colcon_ws/install/turtlebot3_fake_node/share/turtlebot3_fake_node/package.sh'
[14.675s] INFO:colcon.colcon_core.shell:Creating package script '/home/jay-b/colcon_ws/install/turtlebot3_fake_node/share/turtlebot3_fake_node/package.bash'
[14.679s] INFO:colcon.colcon_core.shell:Creating package script '/home/jay-b/colcon_ws/install/turtlebot3_fake_node/share/turtlebot3_fake_node/package.zsh'
[14.679s] Level 1:colcon.colcon_core.environment:create_file_with_runtime_dependencies(/home/jay-b/colcon_ws/install/turtlebot3_fake_node/share/colcon-core/packages/turtlebot3_fake_node)
[19.967s] DEBUG:colcon.colcon_core.event_handler.log_command:Invoked command in '/home/jay-b/colcon_ws/build/turtlebot3_gazebo' returned '0': CMAKE_PREFIX_PATH=/opt/ros/foxy /usr/bin/cmake --build /home/jay-b/colcon_ws/build/turtlebot3_gazebo -- -j8 -l8
[20.006s] DEBUG:colcon.colcon_core.event_handler.log_command:Invoking command in '/home/jay-b/colcon_ws/build/turtlebot3_gazebo': CMAKE_PREFIX_PATH=/opt/ros/foxy /usr/bin/cmake --install /home/jay-b/colcon_ws/build/turtlebot3_gazebo
[21.370s] Level 1:colcon.colcon_core.environment:create_environment_scripts_only(turtlebot3_gazebo)
[21.371s] Level 1:colcon.colcon_core.environment:checking '/home/jay-b/colcon_ws/install/turtlebot3_gazebo' for CMake module files
[21.372s] DEBUG:colcon.colcon_core.event_handler.log_command:Invoked command in '/home/jay-b/colcon_ws/build/turtlebot3_gazebo' returned '0': CMAKE_PREFIX_PATH=/opt/ros/foxy /usr/bin/cmake --install /home/jay-b/colcon_ws/build/turtlebot3_gazebo
[21.372s] Level 1:colcon.colcon_core.environment:checking '/home/jay-b/colcon_ws/install/turtlebot3_gazebo' for CMake config files
[21.373s] Level 1:colcon.colcon_core.shell:create_environment_hook('turtlebot3_gazebo', 'cmake_prefix_path')
[21.373s] INFO:colcon.colcon_core.shell:Creating environment hook '/home/jay-b/colcon_ws/install/turtlebot3_gazebo/share/turtlebot3_gazebo/hook/cmake_prefix_path.ps1'
[21.374s] INFO:colcon.colcon_core.shell:Creating environment descriptor '/home/jay-b/colcon_ws/install/turtlebot3_gazebo/share/turtlebot3_gazebo/hook/cmake_prefix_path.dsv'
[21.374s] INFO:colcon.colcon_core.shell:Creating environment hook '/home/jay-b/colcon_ws/install/turtlebot3_gazebo/share/turtlebot3_gazebo/hook/cmake_prefix_path.sh'
[21.375s] Level 1:colcon.colcon_core.environment:checking '/home/jay-b/colcon_ws/install/turtlebot3_gazebo/lib'
[21.375s] Level 1:colcon.colcon_core.environment:checking '/home/jay-b/colcon_ws/install/turtlebot3_gazebo/bin'
[21.375s] Level 1:colcon.colcon_core.environment:checking '/home/jay-b/colcon_ws/install/turtlebot3_gazebo/lib/pkgconfig/turtlebot3_gazebo.pc'
[21.375s] Level 1:colcon.colcon_core.environment:checking '/home/jay-b/colcon_ws/install/turtlebot3_gazebo/lib/python3.8/site-packages'
[21.375s] INFO:colcon.colcon_core.shell:Creating package script '/home/jay-b/colcon_ws/install/turtlebot3_gazebo/share/turtlebot3_gazebo/package.ps1'
[21.376s] INFO:colcon.colcon_core.shell:Creating package descriptor '/home/jay-b/colcon_ws/install/turtlebot3_gazebo/share/turtlebot3_gazebo/package.dsv'
[21.376s] INFO:colcon.colcon_core.shell:Creating package script '/home/jay-b/colcon_ws/install/turtlebot3_gazebo/share/turtlebot3_gazebo/package.sh'
[21.377s] INFO:colcon.colcon_core.shell:Creating package script '/home/jay-b/colcon_ws/install/turtlebot3_gazebo/share/turtlebot3_gazebo/package.bash'
[21.377s] INFO:colcon.colcon_core.shell:Creating package script '/home/jay-b/colcon_ws/install/turtlebot3_gazebo/share/turtlebot3_gazebo/package.zsh'
[21.377s] Level 1:colcon.colcon_core.environment:create_file_with_runtime_dependencies(/home/jay-b/colcon_ws/install/turtlebot3_gazebo/share/colcon-core/packages/turtlebot3_gazebo)
[21.413s] Level 1:colcon.colcon_core.environment:create_environment_scripts_only(turtlebot3_gazebo)
[21.414s] Level 1:colcon.colcon_core.environment:checking '/home/jay-b/colcon_ws/install/turtlebot3_gazebo' for CMake module files
[21.414s] Level 1:colcon.colcon_core.environment:checking '/home/jay-b/colcon_ws/install/turtlebot3_gazebo' for CMake config files
[21.415s] Level 1:colcon.colcon_core.shell:create_environment_hook('turtlebot3_gazebo', 'cmake_prefix_path')
[21.415s] INFO:colcon.colcon_core.shell:Creating environment hook '/home/jay-b/colcon_ws/install/turtlebot3_gazebo/share/turtlebot3_gazebo/hook/cmake_prefix_path.ps1'
[21.416s] INFO:colcon.colcon_core.shell:Creating environment descriptor '/home/jay-b/colcon_ws/install/turtlebot3_gazebo/share/turtlebot3_gazebo/hook/cmake_prefix_path.dsv'
[21.416s] INFO:colcon.colcon_core.shell:Creating environment hook '/home/jay-b/colcon_ws/install/turtlebot3_gazebo/share/turtlebot3_gazebo/hook/cmake_prefix_path.sh'
[21.417s] Level 1:colcon.colcon_core.environment:checking '/home/jay-b/colcon_ws/install/turtlebot3_gazebo/lib'
[21.417s] Level 1:colcon.colcon_core.environment:checking '/home/jay-b/colcon_ws/install/turtlebot3_gazebo/bin'
[21.417s] Level 1:colcon.colcon_core.environment:checking '/home/jay-b/colcon_ws/install/turtlebot3_gazebo/lib/pkgconfig/turtlebot3_gazebo.pc'
[21.417s] Level 1:colcon.colcon_core.environment:checking '/home/jay-b/colcon_ws/install/turtlebot3_gazebo/lib/python3.8/site-packages'
[21.417s] INFO:colcon.colcon_core.shell:Creating package script '/home/jay-b/colcon_ws/install/turtlebot3_gazebo/share/turtlebot3_gazebo/package.ps1'
[21.418s] INFO:colcon.colcon_core.shell:Creating package descriptor '/home/jay-b/colcon_ws/install/turtlebot3_gazebo/share/turtlebot3_gazebo/package.dsv'
[21.418s] INFO:colcon.colcon_core.shell:Creating package script '/home/jay-b/colcon_ws/install/turtlebot3_gazebo/share/turtlebot3_gazebo/package.sh'
[21.419s] INFO:colcon.colcon_core.shell:Creating package script '/home/jay-b/colcon_ws/install/turtlebot3_gazebo/share/turtlebot3_gazebo/package.bash'
[21.419s] INFO:colcon.colcon_core.shell:Creating package script '/home/jay-b/colcon_ws/install/turtlebot3_gazebo/share/turtlebot3_gazebo/package.zsh'
[21.420s] Level 1:colcon.colcon_core.environment:create_file_with_runtime_dependencies(/home/jay-b/colcon_ws/install/turtlebot3_gazebo/share/colcon-core/packages/turtlebot3_gazebo)
[21.420s] INFO:colcon.colcon_ros.task.ament_cmake.build:Building ROS package in '/home/jay-b/colcon_ws/src/turtlebot3_simulations/turtlebot3_simulations' with build type 'ament_cmake'
[21.420s] INFO:colcon.colcon_cmake.task.cmake.build:Building CMake package in '/home/jay-b/colcon_ws/src/turtlebot3_simulations/turtlebot3_simulations'
[21.421s] INFO:colcon.colcon_core.shell:Skip shell extension 'powershell' for command environment: Not usable outside of PowerShell
[21.421s] DEBUG:colcon.colcon_core.shell:Skip shell extension 'dsv' for command environment
[21.434s] DEBUG:colcon.colcon_core.event_handler.log_command:Invoking command in '/home/jay-b/colcon_ws/build/turtlebot3_simulations': AMENT_PREFIX_PATH=/home/jay-b/colcon_ws/install/turtlebot3_gazebo:/home/jay-b/colcon_ws/install/turtlebot3_fake_node:${AMENT_PREFIX_PATH} CMAKE_PREFIX_PATH=/home/jay-b/colcon_ws/install/turtlebot3_gazebo:/home/jay-b/colcon_ws/install/turtlebot3_fake_node:/opt/ros/foxy /usr/bin/cmake /home/jay-b/colcon_ws/src/turtlebot3_simulations/turtlebot3_simulations -DAMENT_CMAKE_SYMLINK_INSTALL=1 -DCMAKE_INSTALL_PREFIX=/home/jay-b/colcon_ws/install/turtlebot3_simulations
[22.192s] DEBUG:colcon.colcon_core.event_handler.log_command:Invoked command in '/home/jay-b/colcon_ws/build/turtlebot3_simulations' returned '0': AMENT_PREFIX_PATH=/home/jay-b/colcon_ws/install/turtlebot3_gazebo:/home/jay-b/colcon_ws/install/turtlebot3_fake_node:${AMENT_PREFIX_PATH} CMAKE_PREFIX_PATH=/home/jay-b/colcon_ws/install/turtlebot3_gazebo:/home/jay-b/colcon_ws/install/turtlebot3_fake_node:/opt/ros/foxy /usr/bin/cmake /home/jay-b/colcon_ws/src/turtlebot3_simulations/turtlebot3_simulations -DAMENT_CMAKE_SYMLINK_INSTALL=1 -DCMAKE_INSTALL_PREFIX=/home/jay-b/colcon_ws/install/turtlebot3_simulations
[22.195s] DEBUG:colcon.colcon_core.event_handler.log_command:Invoking command in '/home/jay-b/colcon_ws/build/turtlebot3_simulations': AMENT_PREFIX_PATH=/home/jay-b/colcon_ws/install/turtlebot3_gazebo:/home/jay-b/colcon_ws/install/turtlebot3_fake_node:${AMENT_PREFIX_PATH} CMAKE_PREFIX_PATH=/home/jay-b/colcon_ws/install/turtlebot3_gazebo:/home/jay-b/colcon_ws/install/turtlebot3_fake_node:/opt/ros/foxy /usr/bin/cmake --build /home/jay-b/colcon_ws/build/turtlebot3_simulations -- -j8 -l8
[22.241s] DEBUG:colcon.colcon_core.event_handler.log_command:Invoked command in '/home/jay-b/colcon_ws/build/turtlebot3_simulations' returned '0': AMENT_PREFIX_PATH=/home/jay-b/colcon_ws/install/turtlebot3_gazebo:/home/jay-b/colcon_ws/install/turtlebot3_fake_node:${AMENT_PREFIX_PATH} CMAKE_PREFIX_PATH=/home/jay-b/colcon_ws/install/turtlebot3_gazebo:/home/jay-b/colcon_ws/install/turtlebot3_fake_node:/opt/ros/foxy /usr/bin/cmake --build /home/jay-b/colcon_ws/build/turtlebot3_simulations -- -j8 -l8
[22.265s] DEBUG:colcon.colcon_core.event_handler.log_command:Invoking command in '/home/jay-b/colcon_ws/build/turtlebot3_simulations': AMENT_PREFIX_PATH=/home/jay-b/colcon_ws/install/turtlebot3_gazebo:/home/jay-b/colcon_ws/install/turtlebot3_fake_node:${AMENT_PREFIX_PATH} CMAKE_PREFIX_PATH=/home/jay-b/colcon_ws/install/turtlebot3_gazebo:/home/jay-b/colcon_ws/install/turtlebot3_fake_node:/opt/ros/foxy /usr/bin/cmake --install /home/jay-b/colcon_ws/build/turtlebot3_simulations
[22.421s] Level 1:colcon.colcon_core.environment:create_environment_scripts_only(turtlebot3_simulations)
[22.422s] DEBUG:colcon.colcon_core.event_handler.log_command:Invoked command in '/home/jay-b/colcon_ws/build/turtlebot3_simulations' returned '0': AMENT_PREFIX_PATH=/home/jay-b/colcon_ws/install/turtlebot3_gazebo:/home/jay-b/colcon_ws/install/turtlebot3_fake_node:${AMENT_PREFIX_PATH} CMAKE_PREFIX_PATH=/home/jay-b/colcon_ws/install/turtlebot3_gazebo:/home/jay-b/colcon_ws/install/turtlebot3_fake_node:/opt/ros/foxy /usr/bin/cmake --install /home/jay-b/colcon_ws/build/turtlebot3_simulations
[22.423s] Level 1:colcon.colcon_core.environment:checking '/home/jay-b/colcon_ws/install/turtlebot3_simulations' for CMake module files
[22.424s] Level 1:colcon.colcon_core.environment:checking '/home/jay-b/colcon_ws/install/turtlebot3_simulations' for CMake config files
[22.424s] Level 1:colcon.colcon_core.shell:create_environment_hook('turtlebot3_simulations', 'cmake_prefix_path')
[22.425s] INFO:colcon.colcon_core.shell:Creating environment hook '/home/jay-b/colcon_ws/install/turtlebot3_simulations/share/turtlebot3_simulations/hook/cmake_prefix_path.ps1'
[22.425s] INFO:colcon.colcon_core.shell:Creating environment descriptor '/home/jay-b/colcon_ws/install/turtlebot3_simulations/share/turtlebot3_simulations/hook/cmake_prefix_path.dsv'
[22.425s] INFO:colcon.colcon_core.shell:Creating environment hook '/home/jay-b/colcon_ws/install/turtlebot3_simulations/share/turtlebot3_simulations/hook/cmake_prefix_path.sh'
[22.426s] Level 1:colcon.colcon_core.environment:checking '/home/jay-b/colcon_ws/install/turtlebot3_simulations/bin'
[22.426s] Level 1:colcon.colcon_core.environment:checking '/home/jay-b/colcon_ws/install/turtlebot3_simulations/lib/pkgconfig/turtlebot3_simulations.pc'
[22.426s] Level 1:colcon.colcon_core.environment:checking '/home/jay-b/colcon_ws/install/turtlebot3_simulations/lib/python3.8/site-packages'
[22.427s] INFO:colcon.colcon_core.shell:Creating package script '/home/jay-b/colcon_ws/install/turtlebot3_simulations/share/turtlebot3_simulations/package.ps1'
[22.427s] INFO:colcon.colcon_core.shell:Creating package descriptor '/home/jay-b/colcon_ws/install/turtlebot3_simulations/share/turtlebot3_simulations/package.dsv'
[22.427s] INFO:colcon.colcon_core.shell:Creating package script '/home/jay-b/colcon_ws/install/turtlebot3_simulations/share/turtlebot3_simulations/package.sh'
[22.428s] INFO:colcon.colcon_core.shell:Creating package script '/home/jay-b/colcon_ws/install/turtlebot3_simulations/share/turtlebot3_simulations/package.bash'
[22.428s] INFO:colcon.colcon_core.shell:Creating package script '/home/jay-b/colcon_ws/install/turtlebot3_simulations/share/turtlebot3_simulations/package.zsh'
[22.428s] Level 1:colcon.colcon_core.environment:create_file_with_runtime_dependencies(/home/jay-b/colcon_ws/install/turtlebot3_simulations/share/colcon-core/packages/turtlebot3_simulations)
[22.452s] Level 1:colcon.colcon_core.environment:create_environment_scripts_only(turtlebot3_simulations)
[22.453s] Level 1:colcon.colcon_core.environment:checking '/home/jay-b/colcon_ws/install/turtlebot3_simulations' for CMake module files
[22.454s] Level 1:colcon.colcon_core.environment:checking '/home/jay-b/colcon_ws/install/turtlebot3_simulations' for CMake config files
[22.455s] Level 1:colcon.colcon_core.shell:create_environment_hook('turtlebot3_simulations', 'cmake_prefix_path')
[22.456s] INFO:colcon.colcon_core.shell:Creating environment hook '/home/jay-b/colcon_ws/install/turtlebot3_simulations/share/turtlebot3_simulations/hook/cmake_prefix_path.ps1'
[22.456s] INFO:colcon.colcon_core.shell:Creating environment descriptor '/home/jay-b/colcon_ws/install/turtlebot3_simulations/share/turtlebot3_simulations/hook/cmake_prefix_path.dsv'
[22.456s] INFO:colcon.colcon_core.shell:Creating environment hook '/home/jay-b/colcon_ws/install/turtlebot3_simulations/share/turtlebot3_simulations/hook/cmake_prefix_path.sh'
[22.457s] Level 1:colcon.colcon_core.environment:checking '/home/jay-b/colcon_ws/install/turtlebot3_simulations/bin'
[22.457s] Level 1:colcon.colcon_core.environment:checking '/home/jay-b/colcon_ws/install/turtlebot3_simulations/lib/pkgconfig/turtlebot3_simulations.pc'
[22.457s] Level 1:colcon.colcon_core.environment:checking '/home/jay-b/colcon_ws/install/turtlebot3_simulations/lib/python3.8/site-packages'
[22.458s] INFO:colcon.colcon_core.shell:Creating package script '/home/jay-b/colcon_ws/install/turtlebot3_simulations/share/turtlebot3_simulations/package.ps1'
[22.458s] INFO:colcon.colcon_core.shell:Creating package descriptor '/home/jay-b/colcon_ws/install/turtlebot3_simulations/share/turtlebot3_simulations/package.dsv'
[22.459s] INFO:colcon.colcon_core.shell:Creating package script '/home/jay-b/colcon_ws/install/turtlebot3_simulations/share/turtlebot3_simulations/package.sh'
[22.459s] INFO:colcon.colcon_core.shell:Creating package script '/home/jay-b/colcon_ws/install/turtlebot3_simulations/share/turtlebot3_simulations/package.bash'
[22.459s] INFO:colcon.colcon_core.shell:Creating package script '/home/jay-b/colcon_ws/install/turtlebot3_simulations/share/turtlebot3_simulations/package.zsh'
[22.460s] Level 1:colcon.colcon_core.environment:create_file_with_runtime_dependencies(/home/jay-b/colcon_ws/install/turtlebot3_simulations/share/colcon-core/packages/turtlebot3_simulations)
[22.460s] DEBUG:colcon.colcon_parallel_executor.executor.parallel:closing loop
[22.461s] DEBUG:colcon.colcon_parallel_executor.executor.parallel:loop closed
[22.461s] DEBUG:colcon.colcon_parallel_executor.executor.parallel:run_until_complete finished with '0'
[22.461s] DEBUG:colcon.colcon_core.event_reactor:joining thread
[22.469s] INFO:colcon.colcon_core.plugin_system:Skipping extension 'colcon_notification.desktop_notification.notify_send': Could not find 'notify-send'
[22.469s] INFO:colcon.colcon_core.plugin_system:Skipping extension 'colcon_notification.desktop_notification.terminal_notifier': Not used on non-Darwin systems
[22.469s] INFO:colcon.colcon_core.plugin_system:Skipping extension 'colcon_notification.desktop_notification.win32': Not used on non-Windows systems
[22.469s] INFO:colcon.colcon_notification.desktop_notification:Sending desktop notification using 'notify2'
[22.472s] DEBUG:colcon.colcon_notification.desktop_notification.notify2:Failed to initialize notify2: org.freedesktop.DBus.Error.Spawn.ExecFailed: /usr/bin/dbus-launch terminated abnormally without any error message
[22.472s] DEBUG:colcon.colcon_core.event_reactor:joined thread
[22.473s] INFO:colcon.colcon_core.shell:Creating prefix script '/home/jay-b/colcon_ws/install/local_setup.ps1'
[22.474s] INFO:colcon.colcon_core.shell:Creating prefix util module '/home/jay-b/colcon_ws/install/_local_setup_util_ps1.py'
[22.476s] INFO:colcon.colcon_core.shell:Creating prefix chain script '/home/jay-b/colcon_ws/install/setup.ps1'
[22.477s] INFO:colcon.colcon_core.shell:Creating prefix script '/home/jay-b/colcon_ws/install/local_setup.sh'
[22.477s] INFO:colcon.colcon_core.shell:Creating prefix util module '/home/jay-b/colcon_ws/install/_local_setup_util_sh.py'
[22.478s] INFO:colcon.colcon_core.shell:Creating prefix chain script '/home/jay-b/colcon_ws/install/setup.sh'
[22.479s] INFO:colcon.colcon_core.shell:Creating prefix script '/home/jay-b/colcon_ws/install/local_setup.bash'
[22.479s] INFO:colcon.colcon_core.shell:Creating prefix chain script '/home/jay-b/colcon_ws/install/setup.bash'
[22.480s] INFO:colcon.colcon_core.shell:Creating prefix script '/home/jay-b/colcon_ws/install/local_setup.zsh'
[22.480s] INFO:colcon.colcon_core.shell:Creating prefix chain script '/home/jay-b/colcon_ws/install/setup.zsh'
