[0.012s] Invoking command in '/home/jay-b/colcon_ws/build/turtlebot3_simulations': AMENT_PREFIX_PATH=/home/jay-b/colcon_ws/install/turtlebot3_gazebo:/home/jay-b/colcon_ws/install/turtlebot3_fake_node:${AMENT_PREFIX_PATH} CMAKE_PREFIX_PATH=/home/jay-b/colcon_ws/install/turtlebot3_gazebo:/home/jay-b/colcon_ws/install/turtlebot3_fake_node:/opt/ros/foxy /usr/bin/cmake /home/jay-b/colcon_ws/src/turtlebot3_simulations/turtlebot3_simulations -DAMENT_CMAKE_SYMLINK_INSTALL=1 -DCMAKE_INSTALL_PREFIX=/home/jay-b/colcon_ws/install/turtlebot3_simulations
[0.072s] -- The C compiler identification is GNU 9.4.0
[0.131s] -- The CXX compiler identification is GNU 9.4.0
[0.136s] -- Check for working C compiler: /usr/bin/cc
[0.209s] -- Check for working C compiler: /usr/bin/cc -- works
[0.210s] -- Detecting C compiler ABI info
[0.282s] -- Detecting C compiler ABI info - done
[0.296s] -- Detecting C compile features
[0.296s] -- Detecting C compile features - done
[0.299s] -- Check for working CXX compiler: /usr/bin/c++
[0.384s] -- Check for working CXX compiler: /usr/bin/c++ -- works
[0.385s] -- Detecting CXX compiler ABI info
[0.471s] -- Detecting CXX compiler ABI info - done
[0.484s] -- Detecting CXX compile features
[0.484s] -- Detecting CXX compile features - done
[0.487s] -- Found ament_cmake: 0.9.9 (/opt/ros/foxy/share/ament_cmake/cmake)
[0.514s] -- Found PythonInterp: /usr/bin/python3 (found suitable version "3.8.10", minimum required is "3") 
[0.514s] -- Using PYTHON_EXECUTABLE: /usr/bin/python3
[0.664s] -- Override CMake install command with custom implementation using symlinks instead of copying resources
[0.763s] -- Configuring done
[0.766s] -- Generating done
[0.767s] -- Build files have been written to: /home/jay-b/colcon_ws/build/turtlebot3_simulations
[0.770s] Invoked command in '/home/jay-b/colcon_ws/build/turtlebot3_simulations' returned '0': AMENT_PREFIX_PATH=/home/jay-b/colcon_ws/install/turtlebot3_gazebo:/home/jay-b/colcon_ws/install/turtlebot3_fake_node:${AMENT_PREFIX_PATH} CMAKE_PREFIX_PATH=/home/jay-b/colcon_ws/install/turtlebot3_gazebo:/home/jay-b/colcon_ws/install/turtlebot3_fake_node:/opt/ros/foxy /usr/bin/cmake /home/jay-b/colcon_ws/src/turtlebot3_simulations/turtlebot3_simulations -DAMENT_CMAKE_SYMLINK_INSTALL=1 -DCMAKE_INSTALL_PREFIX=/home/jay-b/colcon_ws/install/turtlebot3_simulations
[0.773s] Invoking command in '/home/jay-b/colcon_ws/build/turtlebot3_simulations': AMENT_PREFIX_PATH=/home/jay-b/colcon_ws/install/turtlebot3_gazebo:/home/jay-b/colcon_ws/install/turtlebot3_fake_node:${AMENT_PREFIX_PATH} CMAKE_PREFIX_PATH=/home/jay-b/colcon_ws/install/turtlebot3_gazebo:/home/jay-b/colcon_ws/install/turtlebot3_fake_node:/opt/ros/foxy /usr/bin/cmake --build /home/jay-b/colcon_ws/build/turtlebot3_simulations -- -j8 -l8
[0.820s] Invoked command in '/home/jay-b/colcon_ws/build/turtlebot3_simulations' returned '0': AMENT_PREFIX_PATH=/home/jay-b/colcon_ws/install/turtlebot3_gazebo:/home/jay-b/colcon_ws/install/turtlebot3_fake_node:${AMENT_PREFIX_PATH} CMAKE_PREFIX_PATH=/home/jay-b/colcon_ws/install/turtlebot3_gazebo:/home/jay-b/colcon_ws/install/turtlebot3_fake_node:/opt/ros/foxy /usr/bin/cmake --build /home/jay-b/colcon_ws/build/turtlebot3_simulations -- -j8 -l8
[0.843s] Invoking command in '/home/jay-b/colcon_ws/build/turtlebot3_simulations': AMENT_PREFIX_PATH=/home/jay-b/colcon_ws/install/turtlebot3_gazebo:/home/jay-b/colcon_ws/install/turtlebot3_fake_node:${AMENT_PREFIX_PATH} CMAKE_PREFIX_PATH=/home/jay-b/colcon_ws/install/turtlebot3_gazebo:/home/jay-b/colcon_ws/install/turtlebot3_fake_node:/opt/ros/foxy /usr/bin/cmake --install /home/jay-b/colcon_ws/build/turtlebot3_simulations
[0.852s] -- Install configuration: ""
[0.852s] -- Execute custom install script
[0.853s] -- Symlinking: /home/jay-b/colcon_ws/install/turtlebot3_simulations/share/ament_index/resource_index/package_run_dependencies/turtlebot3_simulations
[0.862s] -- Symlinking: /home/jay-b/colcon_ws/install/turtlebot3_simulations/share/ament_index/resource_index/parent_prefix_path/turtlebot3_simulations
[0.872s] -- Symlinking: /home/jay-b/colcon_ws/install/turtlebot3_simulations/share/turtlebot3_simulations/environment/ament_prefix_path.sh
[0.881s] -- Symlinking: /home/jay-b/colcon_ws/install/turtlebot3_simulations/share/turtlebot3_simulations/environment/ament_prefix_path.dsv
[0.891s] -- Symlinking: /home/jay-b/colcon_ws/install/turtlebot3_simulations/share/turtlebot3_simulations/environment/path.sh
[0.901s] -- Symlinking: /home/jay-b/colcon_ws/install/turtlebot3_simulations/share/turtlebot3_simulations/environment/path.dsv
[0.910s] -- Symlinking: /home/jay-b/colcon_ws/install/turtlebot3_simulations/share/turtlebot3_simulations/local_setup.bash
[0.920s] -- Symlinking: /home/jay-b/colcon_ws/install/turtlebot3_simulations/share/turtlebot3_simulations/local_setup.sh
[0.930s] -- Symlinking: /home/jay-b/colcon_ws/install/turtlebot3_simulations/share/turtlebot3_simulations/local_setup.zsh
[0.939s] -- Symlinking: /home/jay-b/colcon_ws/install/turtlebot3_simulations/share/turtlebot3_simulations/local_setup.dsv
[0.949s] -- Symlinking: /home/jay-b/colcon_ws/install/turtlebot3_simulations/share/turtlebot3_simulations/package.dsv
[0.959s] -- Symlinking: /home/jay-b/colcon_ws/install/turtlebot3_simulations/share/ament_index/resource_index/packages/turtlebot3_simulations
[0.969s] -- Symlinking: /home/jay-b/colcon_ws/install/turtlebot3_simulations/share/turtlebot3_simulations/cmake/turtlebot3_simulationsConfig.cmake
[0.978s] -- Symlinking: /home/jay-b/colcon_ws/install/turtlebot3_simulations/share/turtlebot3_simulations/cmake/turtlebot3_simulationsConfig-version.cmake
[0.988s] -- Symlinking: /home/jay-b/colcon_ws/install/turtlebot3_simulations/share/turtlebot3_simulations/package.xml
[1.000s] Invoked command in '/home/jay-b/colcon_ws/build/turtlebot3_simulations' returned '0': AMENT_PREFIX_PATH=/home/jay-b/colcon_ws/install/turtlebot3_gazebo:/home/jay-b/colcon_ws/install/turtlebot3_fake_node:${AMENT_PREFIX_PATH} CMAKE_PREFIX_PATH=/home/jay-b/colcon_ws/install/turtlebot3_gazebo:/home/jay-b/colcon_ws/install/turtlebot3_fake_node:/opt/ros/foxy /usr/bin/cmake --install /home/jay-b/colcon_ws/build/turtlebot3_simulations
